<?xml version="1.0" encoding="UTF-8"?>
<testng-results ignored="0" total="2" passed="1" failed="1" skipped="0">
  <reporter-output>
  </reporter-output>
  <suite started-at="2021-12-01T20:18:27 IST" name="Default suite" finished-at="2021-12-01T20:18:41 IST" duration-ms="14500">
    <groups>
    </groups>
    <test started-at="2021-12-01T20:18:27 IST" name="Default test" finished-at="2021-12-01T20:18:41 IST" duration-ms="14500">
      <class name="ESPN_data.Runner">
        <test-method is-config="true" signature="launch()[pri:0, instance:ESPN_data.Runner@24fcf36f]" started-at="2021-12-01T20:18:27 IST" name="launch" finished-at="2021-12-01T20:18:32 IST" duration-ms="5874" status="PASS">
          <reporter-output>
          </reporter-output>
        </test-method> <!-- launch -->
        <test-method signature="FirstTestCase()[pri:0, instance:ESPN_data.Runner@24fcf36f]" started-at="2021-12-01T20:18:32 IST" name="FirstTestCase" finished-at="2021-12-01T20:18:36 IST" duration-ms="4017" status="FAIL">
          <exception class="ESPN_data.AutomationException">
            <full-stacktrace>
              <![CDATA[ESPN_data.AutomationException
at ESPN_data.Runner.FirstTestCase(Runner.java:69)
at java.base/jdk.internal.reflect.NativeMethodAccessorImpl.invoke0(Native Method)
at java.base/jdk.internal.reflect.NativeMethodAccessorImpl.invoke(NativeMethodAccessorImpl.java:62)
at java.base/jdk.internal.reflect.DelegatingMethodAccessorImpl.invoke(DelegatingMethodAccessorImpl.java:43)
at java.base/java.lang.reflect.Method.invoke(Method.java:566)
at org.testng.internal.MethodInvocationHelper.invokeMethod(MethodInvocationHelper.java:132)
at org.testng.internal.TestInvoker.invokeMethod(TestInvoker.java:599)
at org.testng.internal.TestInvoker.invokeTestMethod(TestInvoker.java:174)
at org.testng.internal.MethodRunner.runInSequence(MethodRunner.java:46)
at org.testng.internal.TestInvoker$MethodInvocationAgent.invoke(TestInvoker.java:822)
at org.testng.internal.TestInvoker.invokeTestMethods(TestInvoker.java:147)
at org.testng.internal.TestMethodWorker.invokeTestMethods(TestMethodWorker.java:146)
at org.testng.internal.TestMethodWorker.run(TestMethodWorker.java:128)
at java.base/java.util.ArrayList.forEach(ArrayList.java:1541)
at org.testng.TestRunner.privateRun(TestRunner.java:764)
at org.testng.TestRunner.run(TestRunner.java:585)
at org.testng.SuiteRunner.runTest(SuiteRunner.java:384)
at org.testng.SuiteRunner.runSequentially(SuiteRunner.java:378)
at org.testng.SuiteRunner.privateRun(SuiteRunner.java:337)
at org.testng.SuiteRunner.run(SuiteRunner.java:286)
at org.testng.SuiteRunnerWorker.runSuite(SuiteRunnerWorker.java:53)
at org.testng.SuiteRunnerWorker.run(SuiteRunnerWorker.java:96)
at org.testng.TestNG.runSuitesSequentially(TestNG.java:1218)
at org.testng.TestNG.runSuitesLocally(TestNG.java:1140)
at org.testng.TestNG.runSuites(TestNG.java:1069)
at org.testng.TestNG.run(TestNG.java:1037)
at org.testng.remote.AbstractRemoteTestNG.run(AbstractRemoteTestNG.java:115)
at org.testng.remote.RemoteTestNG.initAndRun(RemoteTestNG.java:251)
at org.testng.remote.RemoteTestNG.main(RemoteTestNG.java:77)
]]>
            </full-stacktrace>
          </exception> <!-- ESPN_data.AutomationException -->
          <reporter-output>
          </reporter-output>
        </test-method> <!-- FirstTestCase -->
        <test-method signature="SecondTestcase()[pri:0, instance:ESPN_data.Runner@24fcf36f]" started-at="2021-12-01T20:18:36 IST" name="SecondTestcase" finished-at="2021-12-01T20:18:36 IST" duration-ms="1" status="PASS">
          <reporter-output>
          </reporter-output>
        </test-method> <!-- SecondTestcase -->
        <test-method is-config="true" signature="close()[pri:0, instance:ESPN_data.Runner@24fcf36f]" started-at="2021-12-01T20:18:36 IST" name="close" finished-at="2021-12-01T20:18:41 IST" duration-ms="4582" status="PASS">
          <reporter-output>
          </reporter-output>
        </test-method> <!-- close -->
      </class> <!-- ESPN_data.Runner -->
    </test> <!-- Default test -->
  </suite> <!-- Default suite -->
</testng-results>
